f:\desktop\反编译山东理工大学\360免杀\shellcode_处理\shellcode变形\moo1 - 线程注入\release\vc143.pdb
f:\desktop\反编译山东理工大学\360免杀\shellcode_处理\shellcode变形\moo1 - 线程注入\release\moo1.obj
f:\desktop\反编译山东理工大学\360免杀\shellcode_处理\shellcode变形\moo1 - 线程注入\release\filename.obj
\\mac\home\documents\渗透备份文件\7.12\moo1 - 线程注入\release\vc143.pdb
\\mac\home\documents\源码分析\免杀\moo1 - 线程注入\release\vc143.pdb
f:\desktop\反编译山东理工大学\360免杀\shellcode_处理\shellcode变形\moo1 - 线程注入\release\moo1.iobj
\\mac\home\documents\渗透备份文件\7.12\moo1 - 线程注入\release\moo1.iobj
\\mac\home\documents\渗透备份文件\7.12\moo1 - 线程注入\release\moo1.pdb
f:\desktop\反编译山东理工大学\360免杀\shellcode_处理\shellcode变形\moo1 - 线程注入\release\moo1.exe
f:\desktop\反编译山东理工大学\360免杀\shellcode_处理\shellcode变形\moo1 - 线程注入\release\moo1.pdb
\\mac\home\documents\源码分析\免杀\moo1 - 线程注入\release\moo1.pdb
\\mac\home\documents\源码分析\免杀\moo1 - 线程注入\release\moo1.iobj
\\mac\home\documents\sourcecode\免杀\moo1\moo1_remote_process\release\moo1.obj
\\mac\home\documents\sourcecode\免杀\moo1\moo1_remote_process\release\filename 2.obj
\\mac\home\documents\sourcecode\免杀\moo1\moo1_remote_process\release\filename.obj
\\mac\home\documents\sourcecode\免杀\moo1\moo1_remote_process\release\moo1 2.obj
\\mac\home\documents\sourcecode\免杀\moo1\moo1_remote_process\release\moo1 2.iobj
\\mac\home\documents\sourcecode\免杀\moo1\moo1_remote_process\release\moo1.iobj
\\mac\home\documents\sourcecode\免杀\moo1\moo1_remote_process\release\moo1 2.pdb
\\mac\home\documents\sourcecode\免杀\moo1\moo1_remote_process\release\vc143.pdb
\\mac\home\documents\sourcecode\免杀\moo1\moo1_remote_process\release\vc143 2.pdb
\\mac\home\documents\sourcecode\免杀\moo1\moo1_remote_process\release\moo1.pdb
\\mac\home\documents\sourcecode\免杀\moo1\moo1_remote_process\release\moo1.exe
\\mac\home\documents\sourcecode\免杀\moo1\moo1_remote_process\release\moo1.tlog\cl.write.1 2.tlog
\\mac\home\documents\sourcecode\免杀\moo1\moo1_remote_process\release\moo1.tlog\link.read.1.tlog
\\mac\home\documents\sourcecode\免杀\moo1\moo1_remote_process\release\moo1.tlog\link.command.1 2.tlog
\\mac\home\documents\sourcecode\免杀\moo1\moo1_remote_process\release\moo1.tlog\link.command.1.tlog
\\mac\home\documents\sourcecode\免杀\moo1\moo1_remote_process\release\moo1.tlog\link.write.1.tlog
\\mac\home\documents\sourcecode\免杀\moo1\moo1_remote_process\release\moo1.tlog\cl.items 2.tlog
\\mac\home\documents\sourcecode\免杀\moo1\moo1_remote_process\release\moo1.tlog\cl.read.1.tlog
\\mac\home\documents\sourcecode\免杀\moo1\moo1_remote_process\release\moo1.tlog\link.write.2u.tlog
\\mac\home\documents\sourcecode\免杀\moo1\moo1_remote_process\release\moo1.tlog\cl.command.1 2.tlog
\\mac\home\documents\sourcecode\免杀\moo1\moo1_remote_process\release\moo1.tlog\cl.command.1.tlog
\\mac\home\documents\sourcecode\免杀\moo1\moo1_remote_process\release\moo1.tlog\cl.items.tlog
